{"C:\\Users\\mfafs\\OneDrive\\Masaüstü\\afsar-tv-app\\ExchangeApp-main\\src\\utils\\validation.ts": {"path":"C:\\Users\\mfafs\\OneDrive\\Masaüstü\\afsar-tv-app\\ExchangeApp-main\\src\\utils\\validation.ts","statementMap":{"0":{"start":{"line":1,"column":29},"end":{"line":5,"column":null}},"1":{"start":{"line":3,"column":15},"end":{"line":3,"column":null}},"2":{"start":{"line":4,"column":4},"end":{"line":4,"column":null}},"3":{"start":{"line":7,"column":40},"end":{"line":26,"column":null}},"4":{"start":{"line":8,"column":4},"end":{"line":10,"column":null}},"5":{"start":{"line":9,"column":8},"end":{"line":9,"column":null}},"6":{"start":{"line":12,"column":4},"end":{"line":14,"column":null}},"7":{"start":{"line":13,"column":8},"end":{"line":13,"column":null}},"8":{"start":{"line":18,"column":22},"end":{"line":18,"column":null}},"9":{"start":{"line":19,"column":22},"end":{"line":19,"column":null}},"10":{"start":{"line":21,"column":4},"end":{"line":23,"column":null}},"11":{"start":{"line":22,"column":8},"end":{"line":22,"column":null}},"12":{"start":{"line":25,"column":4},"end":{"line":25,"column":null}}},"fnMap":{"0":{"name":"(anonymous_0)","decl":{"start":{"line":1,"column":29},"end":{"line":1,"column":30}},"loc":{"start":{"line":1,"column":57},"end":{"line":5,"column":null}},"line":1},"1":{"name":"(anonymous_1)","decl":{"start":{"line":7,"column":40},"end":{"line":7,"column":41}},"loc":{"start":{"line":7,"column":101},"end":{"line":26,"column":null}},"line":7}},"branchMap":{"0":{"loc":{"start":{"line":8,"column":4},"end":{"line":10,"column":null}},"type":"if","locations":[{"start":{"line":8,"column":4},"end":{"line":10,"column":null}},{"start":{},"end":{}}],"line":8},"1":{"loc":{"start":{"line":12,"column":4},"end":{"line":14,"column":null}},"type":"if","locations":[{"start":{"line":12,"column":4},"end":{"line":14,"column":null}},{"start":{},"end":{}}],"line":12},"2":{"loc":{"start":{"line":21,"column":4},"end":{"line":23,"column":null}},"type":"if","locations":[{"start":{"line":21,"column":4},"end":{"line":23,"column":null}},{"start":{},"end":{}}],"line":21},"3":{"loc":{"start":{"line":21,"column":8},"end":{"line":21,"column":34}},"type":"binary-expr","locations":[{"start":{"line":21,"column":8},"end":{"line":21,"column":22}},{"start":{"line":21,"column":22},"end":{"line":21,"column":34}}],"line":21}},"s":{"0":1,"1":2,"2":2,"3":1,"4":3,"5":0,"6":3,"7":1,"8":2,"9":2,"10":2,"11":1,"12":1},"f":{"0":2,"1":3},"b":{"0":[0,3],"1":[1,2],"2":[1,1],"3":[2,2]},"meta":{"lastBranch":4,"lastFunction":2,"lastStatement":13,"seen":{"s:1:29:5:Infinity":0,"f:1:29:1:30":0,"s:3:15:3:Infinity":1,"s:4:4:4:Infinity":2,"s:7:40:26:Infinity":3,"f:7:40:7:41":1,"b:8:4:10:Infinity:undefined:undefined:undefined:undefined":0,"s:8:4:10:Infinity":4,"s:9:8:9:Infinity":5,"b:12:4:14:Infinity:undefined:undefined:undefined:undefined":1,"s:12:4:14:Infinity":6,"s:13:8:13:Infinity":7,"s:18:22:18:Infinity":8,"s:19:22:19:Infinity":9,"b:21:4:23:Infinity:undefined:undefined:undefined:undefined":2,"s:21:4:23:Infinity":10,"b:21:8:21:22:21:22:21:34":3,"s:22:8:22:Infinity":11,"s:25:4:25:Infinity":12}}}
}
